bsub info: Parallel job without span[...] info! Assuming hosts=1 (SMP job)!
bsub info:   Add -R "span[...]" to your job script, to avoid this message!
Job <13895981> is submitted to queue <gpua100>.
bsub info: Parallel job without span[...] info! Assuming hosts=1 (SMP job)!
bsub info:   Add -R "span[...]" to your job script, to avoid this message!
Job <13895982> is submitted to queue <gpua100>.
bsub info: Parallel job without span[...] info! Assuming hosts=1 (SMP job)!
bsub info:   Add -R "span[...]" to your job script, to avoid this message!
Job <13895983> is submitted to queue <gpuv100>.

------------------------------------------------------------
Sender: LSF System <lsfadmin@hpc.dtu.dk>
Subject: Job 13895980: <NONAME> in cluster <dcc> Done

Job <NONAME> was submitted from host <n-62-20-9> by user <s174420> in cluster <dcc> at Wed Aug 10 15:42:58 2022
Job was executed on host(s) <n-62-31-21>, in queue <hpc>, as user <s174420> in cluster <dcc> at Wed Aug 10 15:42:59 2022
</zhome/e2/5/127625> was used as the home directory.
</zhome/e2/5/127625/bayesian-laplace-metric-learning> was used as the working directory.
Started at Wed Aug 10 15:42:59 2022
Terminated at Wed Aug 10 15:43:00 2022
Results reported at Wed Aug 10 15:43:00 2022

Your job looked like:

------------------------------------------------------------
# LSBATCH: User input
bsub < scripts/DUL/FashionMNIST/submit.sh
bsub < scripts/HIB/FashionMNIST/submit.sh
bsub < scripts/PFE/FashionMNIST/submit.sh
------------------------------------------------------------

Successfully completed.

Resource usage summary:

    CPU time :                                   0.60 sec.
    Max Memory :                                 -
    Average Memory :                             -
    Total Requested Memory :                     1024.00 MB
    Delta Memory :                               -
    Max Swap :                                   -
    Max Processes :                              -
    Max Threads :                                -
    Run time :                                   28 sec.
    Turnaround time :                            2 sec.

The output (if any) is above this job summary.

